<?xml version="1.0" encoding="UTF-8"?>
<!-- Generated by org.testng.reporters.JUnitReportReporter -->
<testsuite skipped="0" hostname="DESKTOP-SFKCF21" name="tests.Validatejsonschema" tests="1" failures="0" timestamp="2021-06-21T19:05:06 IST" time="4.427" errors="0">
  <testcase name="localapiget" time="4.427" classname="tests.Validatejsonschema"/>
  <system-out/>
</testsuite> <!-- tests.Validatejsonschema -->
