<?xml version="1.0" encoding="UTF-8"?>
<!-- Generated by org.testng.reporters.JUnitReportReporter -->
<testsuite skipped="0" hostname="DESKTOP-SFKCF21" name="tests.Testsonlocalapi" tests="1" failures="0" timestamp="2021-06-21T17:53:59 IST" time="3.094" errors="0">
  <testcase name="localapidelete" time="3.094" classname="tests.Testsonlocalapi"/>
  <system-out/>
</testsuite> <!-- tests.Testsonlocalapi -->
