<?xml version="1.0" encoding="UTF-8"?>
<!-- Generated by org.testng.reporters.JUnitReportReporter -->
<testsuite skipped="0" hostname="DESKTOP-SFKCF21" name="tests.Post" tests="1" failures="0" timestamp="2021-06-21T16:35:57 IST" time="3.973" errors="0">
  <testcase name="testput" time="3.973" classname="tests.Post"/>
  <system-out/>
</testsuite> <!-- tests.Post -->
